<?xml version="1.0" encoding="UTF-8"?>
<robot generator="Robot 4.1.1 (Python 3.9.6 on win32)" generated="20220110 22:24:53.864" rpa="false" schemaversion="2">
<suite id="s1" name="Users" source="C:\GravidadeZERO\getgeeks\project\backend\users\tests\Users.robot">
<test id="s1-t1" name="Add new user">
<kw name="Factory New User" library="Users">
<var>${payload}</var>
<msg timestamp="20220110 22:24:54.098" level="INFO">${payload} = {'name': 'Clint Barton', 'email': 'barton@shield.com', 'password': 'pwd123'}</msg>
<status status="PASS" starttime="20220110 22:24:54.098" endtime="20220110 22:24:54.098"/>
</kw>
<kw name="POST User" library="UsersRoute">
<var>${response}</var>
<arg>${payload}</arg>
<kw name="POST" library="RequestsLibrary">
<var>${response}</var>
<arg>${API_USERS}/users</arg>
<arg>json=${payload}</arg>
<arg>expected_status=any</arg>
<doc>Sends a POST request.</doc>
<msg timestamp="20220110 22:24:54.908" level="INFO">POST Request : url=https://getgeeks-users-tayna.herokuapp.com/users 
 path_url=/users 
 headers={'User-Agent': 'python-requests/2.26.0', 'Accept-Encoding': 'gzip, deflate', 'Accept': '*/*', 'Connection': 'keep-alive', 'Content-Length': '76', 'Content-Type': 'application/json'} 
 body=b'{"name": "Clint Barton", "email": "barton@shield.com", "password": "pwd123"}' 
 </msg>
<msg timestamp="20220110 22:24:54.908" level="INFO">POST Response : url=https://getgeeks-users-tayna.herokuapp.com/users 
 status=400, reason=Bad Request 
 headers={'Server': 'Cowboy', 'Connection': 'keep-alive', 'X-Powered-By': 'Express', 'Access-Control-Allow-Origin': '*', 'Content-Type': 'application/json; charset=utf-8', 'Content-Length': '31', 'Etag': 'W/"1f-lFUySNKwX3L5eGEwGcNcUoVKWhE"', 'Date': 'Tue, 11 Jan 2022 01:24:56 GMT', 'Via': '1.1 vegur'} 
 body={"error":"User already exists"} 
 </msg>
<msg timestamp="20220110 22:24:54.908" level="INFO">${response} = &lt;Response [400]&gt;</msg>
<status status="PASS" starttime="20220110 22:24:54.101" endtime="20220110 22:24:54.908"/>
</kw>
<msg timestamp="20220110 22:24:54.908" level="INFO">${response} = &lt;Response [400]&gt;</msg>
<status status="PASS" starttime="20220110 22:24:54.100" endtime="20220110 22:24:54.908"/>
</kw>
<kw name="Status Should Be" library="RequestsLibrary">
<arg>201</arg>
<arg>${response}</arg>
<doc>Fails if response status code is different than the expected.</doc>
<msg timestamp="20220110 22:24:54.922" level="FAIL">Url: https://getgeeks-users-tayna.herokuapp.com/users Expected status: 400 != 201</msg>
<status status="FAIL" starttime="20220110 22:24:54.912" endtime="20220110 22:24:54.922"/>
</kw>
<status status="FAIL" starttime="20220110 22:24:54.098" endtime="20220110 22:24:54.924">Url: https://getgeeks-users-tayna.herokuapp.com/users Expected status: 400 != 201</status>
</test>
<doc>Users route test suite</doc>
<status status="FAIL" starttime="20220110 22:24:53.867" endtime="20220110 22:24:54.929"/>
</suite>
<statistics>
<total>
<stat pass="0" fail="1" skip="0">All Tests</stat>
</total>
<tag>
</tag>
<suite>
<stat pass="0" fail="1" skip="0" id="s1" name="Users">Users</stat>
</suite>
</statistics>
<errors>
</errors>
</robot>
