<?xml version="1.0" encoding="UTF-8"?>
<robot generator="Robot 4.1.1 (Python 3.9.6 on win32)" generated="20220109 01:41:31.780" rpa="false" schemaversion="2">
<suite id="s1" name="Sessions" source="C:\GravidadeZERO\getgeeks\project\backend\users\tests\Sessions.robot">
<test id="s1-t1" name="User session">
<kw name="Create Dictionary" library="BuiltIn">
<var>&amp;{payload}</var>
<arg>email=tay@getgeeks.com</arg>
<arg>password=tayna123</arg>
<doc>Creates and returns a dictionary based on the given ``items``.</doc>
<msg timestamp="20220109 01:41:32.075" level="INFO">&amp;{payload} = { email=tay@getgeeks.com | password=tayna123 }</msg>
<status status="PASS" starttime="20220109 01:41:32.075" endtime="20220109 01:41:32.075"/>
</kw>
<kw name="POST Session" library="SessionsRoute">
<var>${response}</var>
<arg>${payload}</arg>
<kw name="POST" library="RequestsLibrary">
<var>${response}</var>
<arg>${API_USERS}/sessions</arg>
<arg>json=${payload}</arg>
<arg>expected_status=any</arg>
<doc>Sends a POST request.</doc>
<msg timestamp="20220109 01:41:32.929" level="INFO">POST Request : url=https://getgeeks-users-tayna.herokuapp.com/sessions 
 path_url=/sessions 
 headers={'User-Agent': 'python-requests/2.26.0', 'Accept-Encoding': 'gzip, deflate', 'Accept': '*/*', 'Connection': 'keep-alive', 'Content-Length': '53', 'Content-Type': 'application/json'} 
 body=b'{"email": "tay@getgeeks.com", "password": "tayna123"}' 
 </msg>
<msg timestamp="20220109 01:41:32.929" level="INFO">POST Response : url=https://getgeeks-users-tayna.herokuapp.com/sessions 
 status=200, reason=OK 
 headers={'Server': 'Cowboy', 'Connection': 'keep-alive', 'X-Powered-By': 'Express', 'Access-Control-Allow-Origin': '*', 'Content-Type': 'application/json; charset=utf-8', 'Content-Length': '363', 'Etag': 'W/"16b-OtZSeTdvxCFsV1ek12GNkLRmQM8"', 'Date': 'Sun, 09 Jan 2022 04:41:33 GMT', 'Via': '1.1 vegur'} 
 body={"user":{"id":289,"email":"tay@getgeeks.com","password_hash":"$2b$08$hiOHASDOPAdA7xpqSqbY5O/OiGtGymiEPtgIxNh3/TGdDhomYDsOu","name":"tayna kihara","avatar":null,"whatsapp":null,"is_geek":false},"token":"eyJhbGciOiJIUzI1NiIsInR5cCI6IkpXVCJ9.eyJpZCI6Mjg5LCJpYXQiOjE2NDE3MDMyOTMsImV4cCI6MTY0MjU2NzI5M30.2t3Onx6YqCxQqTz28soxpyvvlWzoYmp-SmHZ3OHY-2s","expires_in":"10d"} 
 </msg>
<msg timestamp="20220109 01:41:32.929" level="INFO">${response} = &lt;Response [200]&gt;</msg>
<status status="PASS" starttime="20220109 01:41:32.079" endtime="20220109 01:41:32.929"/>
</kw>
<msg timestamp="20220109 01:41:32.929" level="INFO">${response} = &lt;Response [200]&gt;</msg>
<status status="PASS" starttime="20220109 01:41:32.078" endtime="20220109 01:41:32.929"/>
</kw>
<kw name="Status Should Be" library="RequestsLibrary">
<arg>200</arg>
<arg>${response}</arg>
<doc>Fails if response status code is different than the expected.</doc>
<status status="PASS" starttime="20220109 01:41:32.935" endtime="20220109 01:41:32.936"/>
</kw>
<kw name="Get Length" library="BuiltIn">
<var>${size}</var>
<arg>${response.json()}[token]</arg>
<doc>Returns and logs the length of the given item as an integer.</doc>
<msg timestamp="20220109 01:41:32.938" level="INFO">Length is 140</msg>
<msg timestamp="20220109 01:41:32.938" level="INFO">${size} = 140</msg>
<status status="PASS" starttime="20220109 01:41:32.938" endtime="20220109 01:41:32.938"/>
</kw>
<kw name="Convert To Integer" library="BuiltIn">
<var>${expected_size}</var>
<arg>140</arg>
<doc>Converts the given item to an integer number.</doc>
<msg timestamp="20220109 01:41:32.944" level="INFO">${expected_size} = 140</msg>
<status status="PASS" starttime="20220109 01:41:32.943" endtime="20220109 01:41:32.944"/>
</kw>
<kw name="Should Be Equal" library="BuiltIn">
<arg>${expected_size}</arg>
<arg>${size}</arg>
<doc>Fails if the given objects are unequal.</doc>
<status status="PASS" starttime="20220109 01:41:32.945" endtime="20220109 01:41:32.946"/>
</kw>
<kw name="Should Be Equal" library="BuiltIn">
<arg>10d</arg>
<arg>${response.json()}[expires_in]</arg>
<doc>Fails if the given objects are unequal.</doc>
<status status="PASS" starttime="20220109 01:41:32.947" endtime="20220109 01:41:32.950"/>
</kw>
<status status="PASS" starttime="20220109 01:41:32.075" endtime="20220109 01:41:32.952"/>
</test>
<test id="s1-t2" name="Should not get token">
<kw name="Attempt POST session">
<arg>${incorrect_pass}</arg>
<arg>401</arg>
<arg>Unauthorized</arg>
<kw name="POST Session" library="SessionsRoute">
<var>${response}</var>
<arg>${payload}</arg>
<kw name="POST" library="RequestsLibrary">
<var>${response}</var>
<arg>${API_USERS}/sessions</arg>
<arg>json=${payload}</arg>
<arg>expected_status=any</arg>
<doc>Sends a POST request.</doc>
<msg timestamp="20220109 01:41:33.833" level="INFO">POST Request : url=https://getgeeks-users-tayna.herokuapp.com/sessions 
 path_url=/sessions 
 headers={'User-Agent': 'python-requests/2.26.0', 'Accept-Encoding': 'gzip, deflate', 'Accept': '*/*', 'Connection': 'keep-alive', 'Content-Length': '53', 'Content-Type': 'application/json'} 
 body=b'{"email": "tay@getgeeks.com", "password": "tayna321"}' 
 </msg>
<msg timestamp="20220109 01:41:33.833" level="INFO">POST Response : url=https://getgeeks-users-tayna.herokuapp.com/sessions 
 status=401, reason=Unauthorized 
 headers={'Server': 'Cowboy', 'Connection': 'keep-alive', 'X-Powered-By': 'Express', 'Access-Control-Allow-Origin': '*', 'Content-Type': 'application/json; charset=utf-8', 'Content-Length': '24', 'Etag': 'W/"18-XPDV80vbMk4yY1/PADG4jYM4rSI"', 'Date': 'Sun, 09 Jan 2022 04:41:33 GMT', 'Via': '1.1 vegur'} 
 body={"error":"Unauthorized"} 
 </msg>
<msg timestamp="20220109 01:41:33.834" level="INFO">${response} = &lt;Response [401]&gt;</msg>
<status status="PASS" starttime="20220109 01:41:32.962" endtime="20220109 01:41:33.834"/>
</kw>
<msg timestamp="20220109 01:41:33.836" level="INFO">${response} = &lt;Response [401]&gt;</msg>
<status status="PASS" starttime="20220109 01:41:32.961" endtime="20220109 01:41:33.836"/>
</kw>
<kw name="Status Should Be" library="RequestsLibrary">
<arg>${status_code}</arg>
<arg>${response}</arg>
<doc>Fails if response status code is different than the expected.</doc>
<status status="PASS" starttime="20220109 01:41:33.836" endtime="20220109 01:41:33.838"/>
</kw>
<kw name="Should Be Equal" library="BuiltIn">
<arg>${error_message}</arg>
<arg>${response.json()}[error]</arg>
<doc>Fails if the given objects are unequal.</doc>
<status status="PASS" starttime="20220109 01:41:33.838" endtime="20220109 01:41:33.839"/>
</kw>
<status status="PASS" starttime="20220109 01:41:32.959" endtime="20220109 01:41:33.839"/>
</kw>
<kw name="Attempt POST session">
<arg>${incorrect_email}</arg>
<arg>400</arg>
<arg>Incorrect email</arg>
<kw name="POST Session" library="SessionsRoute">
<var>${response}</var>
<arg>${payload}</arg>
<kw name="POST" library="RequestsLibrary">
<var>${response}</var>
<arg>${API_USERS}/sessions</arg>
<arg>json=${payload}</arg>
<arg>expected_status=any</arg>
<doc>Sends a POST request.</doc>
<msg timestamp="20220109 01:41:34.684" level="INFO">POST Request : url=https://getgeeks-users-tayna.herokuapp.com/sessions 
 path_url=/sessions 
 headers={'User-Agent': 'python-requests/2.26.0', 'Accept-Encoding': 'gzip, deflate', 'Accept': '*/*', 'Connection': 'keep-alive', 'Content-Length': '56', 'Content-Type': 'application/json'} 
 body=b'{"email": "tay.getgeeks.com.br", "password": "tayna123"}' 
 </msg>
<msg timestamp="20220109 01:41:34.685" level="INFO">POST Response : url=https://getgeeks-users-tayna.herokuapp.com/sessions 
 status=400, reason=Bad Request 
 headers={'Server': 'Cowboy', 'Connection': 'keep-alive', 'X-Powered-By': 'Express', 'Access-Control-Allow-Origin': '*', 'Content-Type': 'application/json; charset=utf-8', 'Content-Length': '27', 'Etag': 'W/"1b-/TOfJuE8lwSWEXvBl7o6iRstTo0"', 'Date': 'Sun, 09 Jan 2022 04:41:34 GMT', 'Via': '1.1 vegur'} 
 body={"error":"Incorrect email"} 
 </msg>
<msg timestamp="20220109 01:41:34.686" level="INFO">${response} = &lt;Response [400]&gt;</msg>
<status status="PASS" starttime="20220109 01:41:33.846" endtime="20220109 01:41:34.686"/>
</kw>
<msg timestamp="20220109 01:41:34.687" level="INFO">${response} = &lt;Response [400]&gt;</msg>
<status status="PASS" starttime="20220109 01:41:33.846" endtime="20220109 01:41:34.687"/>
</kw>
<kw name="Status Should Be" library="RequestsLibrary">
<arg>${status_code}</arg>
<arg>${response}</arg>
<doc>Fails if response status code is different than the expected.</doc>
<status status="PASS" starttime="20220109 01:41:34.689" endtime="20220109 01:41:34.689"/>
</kw>
<kw name="Should Be Equal" library="BuiltIn">
<arg>${error_message}</arg>
<arg>${response.json()}[error]</arg>
<doc>Fails if the given objects are unequal.</doc>
<status status="PASS" starttime="20220109 01:41:34.690" endtime="20220109 01:41:34.691"/>
</kw>
<status status="PASS" starttime="20220109 01:41:33.844" endtime="20220109 01:41:34.691"/>
</kw>
<kw name="Attempt POST session">
<arg>${user_not_found}</arg>
<arg>401</arg>
<arg>Unauthorized</arg>
<kw name="POST Session" library="SessionsRoute">
<var>${response}</var>
<arg>${payload}</arg>
<kw name="POST" library="RequestsLibrary">
<var>${response}</var>
<arg>${API_USERS}/sessions</arg>
<arg>json=${payload}</arg>
<arg>expected_status=any</arg>
<doc>Sends a POST request.</doc>
<msg timestamp="20220109 01:41:35.568" level="INFO">POST Request : url=https://getgeeks-users-tayna.herokuapp.com/sessions 
 path_url=/sessions 
 headers={'User-Agent': 'python-requests/2.26.0', 'Accept-Encoding': 'gzip, deflate', 'Accept': '*/*', 'Connection': 'keep-alive', 'Content-Length': '48', 'Content-Type': 'application/json'} 
 body=b'{"email": "tay@404.com", "password": "tayna123"}' 
 </msg>
<msg timestamp="20220109 01:41:35.568" level="INFO">POST Response : url=https://getgeeks-users-tayna.herokuapp.com/sessions 
 status=401, reason=Unauthorized 
 headers={'Server': 'Cowboy', 'Connection': 'keep-alive', 'X-Powered-By': 'Express', 'Access-Control-Allow-Origin': '*', 'Content-Type': 'application/json; charset=utf-8', 'Content-Length': '24', 'Etag': 'W/"18-XPDV80vbMk4yY1/PADG4jYM4rSI"', 'Date': 'Sun, 09 Jan 2022 04:41:35 GMT', 'Via': '1.1 vegur'} 
 body={"error":"Unauthorized"} 
 </msg>
<msg timestamp="20220109 01:41:35.569" level="INFO">${response} = &lt;Response [401]&gt;</msg>
<status status="PASS" starttime="20220109 01:41:34.699" endtime="20220109 01:41:35.569"/>
</kw>
<msg timestamp="20220109 01:41:35.571" level="INFO">${response} = &lt;Response [401]&gt;</msg>
<status status="PASS" starttime="20220109 01:41:34.697" endtime="20220109 01:41:35.571"/>
</kw>
<kw name="Status Should Be" library="RequestsLibrary">
<arg>${status_code}</arg>
<arg>${response}</arg>
<doc>Fails if response status code is different than the expected.</doc>
<status status="PASS" starttime="20220109 01:41:35.571" endtime="20220109 01:41:35.572"/>
</kw>
<kw name="Should Be Equal" library="BuiltIn">
<arg>${error_message}</arg>
<arg>${response.json()}[error]</arg>
<doc>Fails if the given objects are unequal.</doc>
<status status="PASS" starttime="20220109 01:41:35.572" endtime="20220109 01:41:35.576"/>
</kw>
<status status="PASS" starttime="20220109 01:41:34.696" endtime="20220109 01:41:35.576"/>
</kw>
<kw name="Attempt POST session">
<arg>${empty_email}</arg>
<arg>400</arg>
<arg>Required email</arg>
<kw name="POST Session" library="SessionsRoute">
<var>${response}</var>
<arg>${payload}</arg>
<kw name="POST" library="RequestsLibrary">
<var>${response}</var>
<arg>${API_USERS}/sessions</arg>
<arg>json=${payload}</arg>
<arg>expected_status=any</arg>
<doc>Sends a POST request.</doc>
<msg timestamp="20220109 01:41:36.421" level="INFO">POST Request : url=https://getgeeks-users-tayna.herokuapp.com/sessions 
 path_url=/sessions 
 headers={'User-Agent': 'python-requests/2.26.0', 'Accept-Encoding': 'gzip, deflate', 'Accept': '*/*', 'Connection': 'keep-alive', 'Content-Length': '37', 'Content-Type': 'application/json'} 
 body=b'{"email": "", "password": "tayna123"}' 
 </msg>
<msg timestamp="20220109 01:41:36.421" level="INFO">POST Response : url=https://getgeeks-users-tayna.herokuapp.com/sessions 
 status=400, reason=Bad Request 
 headers={'Server': 'Cowboy', 'Connection': 'keep-alive', 'X-Powered-By': 'Express', 'Access-Control-Allow-Origin': '*', 'Content-Type': 'application/json; charset=utf-8', 'Content-Length': '26', 'Etag': 'W/"1a-ztWLEO5pP/4DOQYYgf8vh7rMmRI"', 'Date': 'Sun, 09 Jan 2022 04:41:36 GMT', 'Via': '1.1 vegur'} 
 body={"error":"Required email"} 
 </msg>
<msg timestamp="20220109 01:41:36.421" level="INFO">${response} = &lt;Response [400]&gt;</msg>
<status status="PASS" starttime="20220109 01:41:35.580" endtime="20220109 01:41:36.421"/>
</kw>
<msg timestamp="20220109 01:41:36.421" level="INFO">${response} = &lt;Response [400]&gt;</msg>
<status status="PASS" starttime="20220109 01:41:35.580" endtime="20220109 01:41:36.421"/>
</kw>
<kw name="Status Should Be" library="RequestsLibrary">
<arg>${status_code}</arg>
<arg>${response}</arg>
<doc>Fails if response status code is different than the expected.</doc>
<status status="PASS" starttime="20220109 01:41:36.421" endtime="20220109 01:41:36.421"/>
</kw>
<kw name="Should Be Equal" library="BuiltIn">
<arg>${error_message}</arg>
<arg>${response.json()}[error]</arg>
<doc>Fails if the given objects are unequal.</doc>
<status status="PASS" starttime="20220109 01:41:36.426" endtime="20220109 01:41:36.427"/>
</kw>
<status status="PASS" starttime="20220109 01:41:35.578" endtime="20220109 01:41:36.427"/>
</kw>
<kw name="Attempt POST session">
<arg>${without_email}</arg>
<arg>400</arg>
<arg>Required email</arg>
<kw name="POST Session" library="SessionsRoute">
<var>${response}</var>
<arg>${payload}</arg>
<kw name="POST" library="RequestsLibrary">
<var>${response}</var>
<arg>${API_USERS}/sessions</arg>
<arg>json=${payload}</arg>
<arg>expected_status=any</arg>
<doc>Sends a POST request.</doc>
<msg timestamp="20220109 01:41:38.254" level="INFO">POST Request : url=https://getgeeks-users-tayna.herokuapp.com/sessions 
 path_url=/sessions 
 headers={'User-Agent': 'python-requests/2.26.0', 'Accept-Encoding': 'gzip, deflate', 'Accept': '*/*', 'Connection': 'keep-alive', 'Content-Length': '24', 'Content-Type': 'application/json'} 
 body=b'{"password": "tayna123"}' 
 </msg>
<msg timestamp="20220109 01:41:38.254" level="INFO">POST Response : url=https://getgeeks-users-tayna.herokuapp.com/sessions 
 status=400, reason=Bad Request 
 headers={'Server': 'Cowboy', 'Connection': 'keep-alive', 'X-Powered-By': 'Express', 'Access-Control-Allow-Origin': '*', 'Content-Type': 'application/json; charset=utf-8', 'Content-Length': '26', 'Etag': 'W/"1a-ztWLEO5pP/4DOQYYgf8vh7rMmRI"', 'Date': 'Sun, 09 Jan 2022 04:41:38 GMT', 'Via': '1.1 vegur'} 
 body={"error":"Required email"} 
 </msg>
<msg timestamp="20220109 01:41:38.254" level="INFO">${response} = &lt;Response [400]&gt;</msg>
<status status="PASS" starttime="20220109 01:41:36.434" endtime="20220109 01:41:38.256"/>
</kw>
<msg timestamp="20220109 01:41:38.256" level="INFO">${response} = &lt;Response [400]&gt;</msg>
<status status="PASS" starttime="20220109 01:41:36.432" endtime="20220109 01:41:38.256"/>
</kw>
<kw name="Status Should Be" library="RequestsLibrary">
<arg>${status_code}</arg>
<arg>${response}</arg>
<doc>Fails if response status code is different than the expected.</doc>
<status status="PASS" starttime="20220109 01:41:38.256" endtime="20220109 01:41:38.256"/>
</kw>
<kw name="Should Be Equal" library="BuiltIn">
<arg>${error_message}</arg>
<arg>${response.json()}[error]</arg>
<doc>Fails if the given objects are unequal.</doc>
<status status="PASS" starttime="20220109 01:41:38.256" endtime="20220109 01:41:38.260"/>
</kw>
<status status="PASS" starttime="20220109 01:41:36.431" endtime="20220109 01:41:38.260"/>
</kw>
<kw name="Attempt POST session">
<arg>${empty_pass}</arg>
<arg>400</arg>
<arg>Required pass</arg>
<kw name="POST Session" library="SessionsRoute">
<var>${response}</var>
<arg>${payload}</arg>
<kw name="POST" library="RequestsLibrary">
<var>${response}</var>
<arg>${API_USERS}/sessions</arg>
<arg>json=${payload}</arg>
<arg>expected_status=any</arg>
<doc>Sends a POST request.</doc>
<msg timestamp="20220109 01:41:39.040" level="INFO">POST Request : url=https://getgeeks-users-tayna.herokuapp.com/sessions 
 path_url=/sessions 
 headers={'User-Agent': 'python-requests/2.26.0', 'Accept-Encoding': 'gzip, deflate', 'Accept': '*/*', 'Connection': 'keep-alive', 'Content-Length': '45', 'Content-Type': 'application/json'} 
 body=b'{"email": "tay@getgeeks.com", "password": ""}' 
 </msg>
<msg timestamp="20220109 01:41:39.040" level="INFO">POST Response : url=https://getgeeks-users-tayna.herokuapp.com/sessions 
 status=400, reason=Bad Request 
 headers={'Server': 'Cowboy', 'Connection': 'keep-alive', 'X-Powered-By': 'Express', 'Access-Control-Allow-Origin': '*', 'Content-Type': 'application/json; charset=utf-8', 'Content-Length': '25', 'Etag': 'W/"19-XQPKZGB2rC+TLudFQKbwFLPwbR0"', 'Date': 'Sun, 09 Jan 2022 04:41:39 GMT', 'Via': '1.1 vegur'} 
 body={"error":"Required pass"} 
 </msg>
<msg timestamp="20220109 01:41:39.040" level="INFO">${response} = &lt;Response [400]&gt;</msg>
<status status="PASS" starttime="20220109 01:41:38.265" endtime="20220109 01:41:39.040"/>
</kw>
<msg timestamp="20220109 01:41:39.044" level="INFO">${response} = &lt;Response [400]&gt;</msg>
<status status="PASS" starttime="20220109 01:41:38.265" endtime="20220109 01:41:39.044"/>
</kw>
<kw name="Status Should Be" library="RequestsLibrary">
<arg>${status_code}</arg>
<arg>${response}</arg>
<doc>Fails if response status code is different than the expected.</doc>
<status status="PASS" starttime="20220109 01:41:39.044" endtime="20220109 01:41:39.045"/>
</kw>
<kw name="Should Be Equal" library="BuiltIn">
<arg>${error_message}</arg>
<arg>${response.json()}[error]</arg>
<doc>Fails if the given objects are unequal.</doc>
<status status="PASS" starttime="20220109 01:41:39.045" endtime="20220109 01:41:39.048"/>
</kw>
<status status="PASS" starttime="20220109 01:41:38.264" endtime="20220109 01:41:39.049"/>
</kw>
<kw name="Attempt POST session">
<arg>${without_pass}</arg>
<arg>400</arg>
<arg>Required pass</arg>
<kw name="POST Session" library="SessionsRoute">
<var>${response}</var>
<arg>${payload}</arg>
<kw name="POST" library="RequestsLibrary">
<var>${response}</var>
<arg>${API_USERS}/sessions</arg>
<arg>json=${payload}</arg>
<arg>expected_status=any</arg>
<doc>Sends a POST request.</doc>
<msg timestamp="20220109 01:41:39.881" level="INFO">POST Request : url=https://getgeeks-users-tayna.herokuapp.com/sessions 
 path_url=/sessions 
 headers={'User-Agent': 'python-requests/2.26.0', 'Accept-Encoding': 'gzip, deflate', 'Accept': '*/*', 'Connection': 'keep-alive', 'Content-Length': '29', 'Content-Type': 'application/json'} 
 body=b'{"email": "tay@getgeeks.com"}' 
 </msg>
<msg timestamp="20220109 01:41:39.881" level="INFO">POST Response : url=https://getgeeks-users-tayna.herokuapp.com/sessions 
 status=400, reason=Bad Request 
 headers={'Server': 'Cowboy', 'Connection': 'keep-alive', 'X-Powered-By': 'Express', 'Access-Control-Allow-Origin': '*', 'Content-Type': 'application/json; charset=utf-8', 'Content-Length': '25', 'Etag': 'W/"19-XQPKZGB2rC+TLudFQKbwFLPwbR0"', 'Date': 'Sun, 09 Jan 2022 04:41:39 GMT', 'Via': '1.1 vegur'} 
 body={"error":"Required pass"} 
 </msg>
<msg timestamp="20220109 01:41:39.882" level="INFO">${response} = &lt;Response [400]&gt;</msg>
<status status="PASS" starttime="20220109 01:41:39.054" endtime="20220109 01:41:39.882"/>
</kw>
<msg timestamp="20220109 01:41:39.883" level="INFO">${response} = &lt;Response [400]&gt;</msg>
<status status="PASS" starttime="20220109 01:41:39.054" endtime="20220109 01:41:39.883"/>
</kw>
<kw name="Status Should Be" library="RequestsLibrary">
<arg>${status_code}</arg>
<arg>${response}</arg>
<doc>Fails if response status code is different than the expected.</doc>
<status status="PASS" starttime="20220109 01:41:39.885" endtime="20220109 01:41:39.885"/>
</kw>
<kw name="Should Be Equal" library="BuiltIn">
<arg>${error_message}</arg>
<arg>${response.json()}[error]</arg>
<doc>Fails if the given objects are unequal.</doc>
<status status="PASS" starttime="20220109 01:41:39.886" endtime="20220109 01:41:39.886"/>
</kw>
<status status="PASS" starttime="20220109 01:41:39.052" endtime="20220109 01:41:39.891"/>
</kw>
<status status="PASS" starttime="20220109 01:41:32.957" endtime="20220109 01:41:39.892"/>
</test>
<doc>Sessions route test suite</doc>
<status status="PASS" starttime="20220109 01:41:31.785" endtime="20220109 01:41:39.897"/>
</suite>
<statistics>
<total>
<stat pass="2" fail="0" skip="0">All Tests</stat>
</total>
<tag>
</tag>
<suite>
<stat pass="2" fail="0" skip="0" id="s1" name="Sessions">Sessions</stat>
</suite>
</statistics>
<errors>
</errors>
</robot>
